<?xml version="1.0" encoding="UTF-8" ?>
<testsuite tests="6" failures="0" name="ru.yandex.practicum.FelineParametrizTest" time="0" errors="0" skipped="0">
  <properties>
[...]
</properties>
  <testcase classname="ru.yandex.practicum.FelineParametrizTest" name="getKittensCount[0]" time="0"/>
  <testcase classname="ru.yandex.practicum.FelineParametrizTest" name="getKittensCount[1]" time="0"/>
  <testcase classname="ru.yandex.practicum.FelineParametrizTest" name="getKittensCount[2]" time="0"/>
  <testcase classname="ru.yandex.practicum.FelineParametrizTest" name="getKittensCount[3]" time="0"/>
  <testcase classname="ru.yandex.practicum.FelineParametrizTest" name="getKittensCount[4]" time="0"/>
  <testcase classname="ru.yandex.practicum.FelineParametrizTest" name="getKittensCount[5]" time="0"/>
</testsuite>